WalkByNear/proguard/seeds.txt
com.baidu.lbsapi.auth.g
com.baidu.lbsapi.auth.g: java.lang.String a
com.baidu.lbsapi.auth.g: com.baidu.lbsapi.auth.LBSAuthManager b
com.baidu.lbsapi.auth.g: g(com.baidu.lbsapi.auth.LBSAuthManager,java.lang.String)
com.baidu.lbsapi.auth.g: void a(java.lang.String)
com.baidu.lbsapi.auth.g: void a(java.lang.Object)
com.baidu.lbsapi.auth.h
com.baidu.lbsapi.auth.h: android.os.Handler a
com.baidu.lbsapi.auth.h: java.lang.Object b
com.baidu.lbsapi.auth.h: boolean c
com.baidu.lbsapi.auth.h: boolean d
com.baidu.lbsapi.auth.h: h()
com.baidu.lbsapi.auth.h: h(java.lang.String)
com.baidu.lbsapi.auth.h: void run()
com.baidu.lbsapi.auth.h: void a()
com.baidu.lbsapi.auth.h: void b()
com.baidu.lbsapi.auth.h: void c()
com.baidu.location.A
com.baidu.location.A: int int
com.baidu.location.A: java.lang.String b
com.baidu.location.A: double c
com.baidu.location.A: double d
com.baidu.location.A: int e
com.baidu.location.A: float f
com.baidu.location.A: long g
com.baidu.location.A: int h
com.baidu.location.A: java.lang.String i
com.baidu.location.A: boolean j
com.baidu.location.A: boolean k
com.baidu.location.A: boolean l
com.baidu.location.A: long m
com.baidu.location.A: int a
com.baidu.location.A: int b()
com.baidu.location.A: void a(int)
com.baidu.location.A: A(java.lang.String,double,double,int,long,java.lang.String)
com.baidu.location.A: A(int,java.lang.String,double,double,int,long,java.lang.String)
com.baidu.location.A: java.lang.String getGeofenceId()
com.baidu.location.A: double case()
com.baidu.location.A: double a()
com.baidu.location.A: float do()
com.baidu.location.A: void a(float)
com.baidu.location.A: long goto()
com.baidu.location.A: java.lang.String int()
com.baidu.location.A: boolean byte()
com.baidu.location.A: void do(boolean)
com.baidu.location.A: boolean for()
com.baidu.location.A: void if(boolean)
com.baidu.location.A: boolean if()
com.baidu.location.A: void a(boolean)
com.baidu.location.A: long else()
com.baidu.location.A: void a(long)
com.baidu.location.A: int char()
com.baidu.location.A: int new()
com.baidu.location.A: void a(java.lang.String)
com.baidu.location.A: void b(int)
com.baidu.location.A: void a(double,double)
com.baidu.location.A: void b(java.lang.String)
com.baidu.location.B
com.baidu.location.B: long a
com.baidu.location.B: long R
com.baidu.location.B: long S
com.baidu.location.B: com.baidu.location.B T
com.baidu.location.B: android.net.wifi.WifiManager U
com.baidu.location.B: com.baidu.location.B$a V
com.baidu.location.B: com.baidu.location.B$b W
com.baidu.location.B: long X
com.baidu.location.B: long Y
com.baidu.location.B: boolean Z
com.baidu.location.B: java.lang.Object aa
com.baidu.location.B: java.lang.reflect.Method ab
com.baidu.location.B: boolean ac
com.baidu.location.B: long ad
com.baidu.location.B: com.baidu.location.B cc()
com.baidu.location.B: B()
com.baidu.location.B: void ci()
com.baidu.location.B: void b8()
com.baidu.location.B: boolean cj()
com.baidu.location.B: boolean cd()
com.baidu.location.B: boolean cl()
com.baidu.location.B: boolean b9()
com.baidu.location.B: boolean ca()
com.baidu.location.B: java.lang.String ck()
com.baidu.location.B: com.baidu.location.B$b b7()
com.baidu.location.B: com.baidu.location.B$b ch()
com.baidu.location.B: com.baidu.location.B$b ce()
com.baidu.location.B: void a()
com.baidu.location.B: boolean cf()
com.baidu.location.B: boolean if(com.baidu.location.B$b,com.baidu.location.B$b,float)
com.baidu.location.B: double if(com.baidu.location.B$b,com.baidu.location.B$b)
com.baidu.location.B: java.lang.String cg()
com.baidu.location.B: boolean a(java.lang.String)
com.baidu.location.B: long a(com.baidu.location.B,long)
com.baidu.location.B: void a(com.baidu.location.B)
com.baidu.location.B$1
com.baidu.location.B$a
com.baidu.location.B$a: com.baidu.location.B a
com.baidu.location.B$a: B$a(com.baidu.location.B)
com.baidu.location.B$a: void onReceive(android.content.Context,android.content.Intent)
com.baidu.location.B$a: B$a(com.baidu.location.B,com.baidu.location.B$1)