WalkByNear/proguard/mapping.txt
com.baidu.platform.comapi.a.d -> com.baidu.platform.comapi.a.d:
    int a -> a
    int b -> b
    int a() -> a
    void a(int) -> a
    int b() -> b
    void b(int) -> b
    java.lang.String toString() -> toString
    int hashCode() -> hashCode
    boolean equals(java.lang.Object) -> equals
com.baidu.platform.comapi.b.a -> com.baidu.platform.comapi.b.a:
    int a -> a
    com.baidu.platform.comapi.a.d b -> b
    java.lang.String c -> c
    java.lang.String d -> d
com.baidu.platform.comapi.b.b -> com.baidu.platform.comapi.b.b:
    void a(java.lang.String) -> a
    void b(java.lang.String) -> b
    void c(java.lang.String) -> c
    void d(java.lang.String) -> d
    void e(java.lang.String) -> e
    void f(java.lang.String) -> f
    void g(java.lang.String) -> g
    void h(java.lang.String) -> h
    void i(java.lang.String) -> i
    void j(java.lang.String) -> j
    void k(java.lang.String) -> k
    void a(int) -> a
com.baidu.platform.comapi.b.c -> com.baidu.platform.comapi.b.c:
    java.lang.String a -> a
    com.baidu.platform.comapi.b.b b -> b
    com.baidu.platform.comapi.b.d c -> c
    void a(com.baidu.platform.comapi.b.b) -> a
    void a() -> a
    void a(com.baidu.platform.comapi.b.d) -> a
    void a(android.os.Message) -> a
com.baidu.platform.comapi.b.d -> com.baidu.platform.comapi.b.d:
    java.lang.String a -> a
    com.baidu.platform.comjni.map.search.a b -> b
    int c -> c
    com.baidu.platform.comapi.b.c d -> d
    android.os.Handler e -> e
    int f -> f
    android.os.Bundle g -> g
    void a(com.baidu.platform.comapi.b.b) -> a
    void a() -> a
    void a(int) -> a
    boolean a(java.lang.String,java.lang.String,int,com.baidu.platform.comapi.a.c,int,java.util.Map) -> a
    boolean a(java.lang.String,int,int,int,com.baidu.platform.comapi.a.c,com.baidu.platform.comapi.a.c,java.util.Map) -> a
    boolean a(java.lang.String,int,int,com.baidu.platform.comapi.a.c,int,com.baidu.platform.comapi.a.d,java.util.Map) -> a
    android.os.Bundle a(com.baidu.platform.comapi.b.a) -> a
    boolean a(com.baidu.platform.comapi.b.a,com.baidu.platform.comapi.b.a,java.lang.String,com.baidu.platform.comapi.a.c,int,int,java.util.Map) -> a
    boolean a(com.baidu.platform.comapi.b.a,com.baidu.platform.comapi.b.a,java.lang.String,java.lang.String,java.lang.String,com.baidu.platform.comapi.a.c,int,int,int,java.util.ArrayList,java.util.Map) -> a
    boolean a(com.baidu.platform.comapi.b.a,com.baidu.platform.comapi.b.a,java.lang.String,java.lang.String,java.lang.String,com.baidu.platform.comapi.a.c,int,java.util.Map) -> a
    boolean a(java.lang.String) -> a
    boolean a(java.lang.String,java.lang.String) -> a
com.baidu.platform.comapi.b.e -> com.baidu.platform.comapi.b.e:
    com.baidu.platform.comapi.b.d a -> a
    void handleMessage(android.os.Message) -> handleMessage
com.baidu.platform.comapi.b.f -> com.baidu.platform.comapi.b.f:
    com.baidu.platform.comapi.a.d a -> a
    java.lang.String b -> b
    java.lang.String c -> c
com.baidu.platform.comapi.c.a -> com.baidu.platform.comapi.c.a:
    void a(java.lang.String,java.lang.String) -> a
    void b(java.lang.String,java.lang.String) -> b
com.baidu.platform.comapi.c.b -> com.baidu.platform.comapi.c.b:
    boolean a -> a
    java.lang.String b -> b
    int c -> c
    void a(android.content.Context) -> a
    android.net.NetworkInfo b(android.content.Context) -> b
    java.lang.String c(android.content.Context) -> c
    boolean a(android.net.NetworkInfo) -> a